
> mentatlab-frontend@0.1.0 dev
> vite


  VITE v7.0.5  ready in 110 ms

  ➜  Local:   http://localhost:5173/
  ➜  Network: use --host to expose
5:56:09 PM [vite] (client) page reload src/main.tsx
5:57:08 PM [vite] (client) hmr update /src/components/mission-control/layout/MissionControlLayout.tsx, /src/index.css
6:01:30 PM [vite] (client) hmr update /src/components/FlowCanvas.tsx, /src/index.css
6:02:40 PM [vite] (client) page reload src/main.tsx
Error: Cannot apply unknown utility class `border-border`. Are you using CSS modules or similar and missing `@reference`? https://tailwindcss.com/docs/functions-and-directives#reference-directive
    at onInvalidCandidate (/Users/cblevins/workspace/mentatlab/services/frontend/node_modules/tailwindcss/dist/lib.js:18:1312)
    at ge (/Users/cblevins/workspace/mentatlab/services/frontend/node_modules/tailwindcss/dist/lib.js:13:29803)
    at /Users/cblevins/workspace/mentatlab/services/frontend/node_modules/tailwindcss/dist/lib.js:18:373
    at I (/Users/cblevins/workspace/mentatlab/services/frontend/node_modules/tailwindcss/dist/lib.js:3:1656)
    at je (/Users/cblevins/workspace/mentatlab/services/frontend/node_modules/tailwindcss/dist/lib.js:18:172)
    at bi (/Users/cblevins/workspace/mentatlab/services/frontend/node_modules/tailwindcss/dist/lib.js:35:780)
    at async yi (/Users/cblevins/workspace/mentatlab/services/frontend/node_modules/tailwindcss/dist/lib.js:35:1123)
    at async _r (/Users/cblevins/workspace/mentatlab/services/frontend/node_modules/@tailwindcss/node/dist/index.js:10:3384)
    at async p (/Users/cblevins/workspace/mentatlab/services/frontend/node_modules/@tailwindcss/postcss/dist/index.js:10:4019)
    at async Object.Once (/Users/cblevins/workspace/mentatlab/services/frontend/node_modules/@tailwindcss/postcss/dist/index.js:10:4290)
    at async LazyResult.runAsync (/Users/cblevins/workspace/mentatlab/services/frontend/node_modules/postcss/lib/lazy-result.js:293:11)
    at async runPostCSS (file:///Users/cblevins/workspace/mentatlab/services/frontend/node_modules/vite/dist/node/chunks/dep-Bg4HVnP5.js:32409:19)
    at async compilePostCSS (file:///Users/cblevins/workspace/mentatlab/services/frontend/node_modules/vite/dist/node/chunks/dep-Bg4HVnP5.js:32389:17)
    at async compileCSS (file:///Users/cblevins/workspace/mentatlab/services/frontend/node_modules/vite/dist/node/chunks/dep-Bg4HVnP5.js:32320:26)
    at async TransformPluginContext.handler (file:///Users/cblevins/workspace/mentatlab/services/frontend/node_modules/vite/dist/node/chunks/dep-Bg4HVnP5.js:31856:53)
    at async EnvironmentPluginContainer.transform (file:///Users/cblevins/workspace/mentatlab/services/frontend/node_modules/vite/dist/node/chunks/dep-Bg4HVnP5.js:31284:14)
    at async loadAndTransform (file:///Users/cblevins/workspace/mentatlab/services/frontend/node_modules/vite/dist/node/chunks/dep-Bg4HVnP5.js:26454:26)
6:05:09 PM [vite] (client) hmr update /src/components/FlowCanvas.tsx, /src/index.css
6:05:24 PM [vite] (client) hmr update /src/index.css, /src/globals.css
Error: Cannot apply unknown utility class `border-border`. Are you using CSS modules or similar and missing `@reference`? https://tailwindcss.com/docs/functions-and-directives#reference-directive
    at onInvalidCandidate (/Users/cblevins/workspace/mentatlab/services/frontend/node_modules/tailwindcss/dist/lib.js:18:1312)
    at ge (/Users/cblevins/workspace/mentatlab/services/frontend/node_modules/tailwindcss/dist/lib.js:13:29803)
    at /Users/cblevins/workspace/mentatlab/services/frontend/node_modules/tailwindcss/dist/lib.js:18:373
    at I (/Users/cblevins/workspace/mentatlab/services/frontend/node_modules/tailwindcss/dist/lib.js:3:1656)
    at je (/Users/cblevins/workspace/mentatlab/services/frontend/node_modules/tailwindcss/dist/lib.js:18:172)
    at bi (/Users/cblevins/workspace/mentatlab/services/frontend/node_modules/tailwindcss/dist/lib.js:35:780)
    at async yi (/Users/cblevins/workspace/mentatlab/services/frontend/node_modules/tailwindcss/dist/lib.js:35:1123)
    at async _r (/Users/cblevins/workspace/mentatlab/services/frontend/node_modules/@tailwindcss/node/dist/index.js:10:3384)
    at async p (/Users/cblevins/workspace/mentatlab/services/frontend/node_modules/@tailwindcss/postcss/dist/index.js:10:4019)
    at async Object.Once (/Users/cblevins/workspace/mentatlab/services/frontend/node_modules/@tailwindcss/postcss/dist/index.js:10:4290)
    at async LazyResult.runAsync (/Users/cblevins/workspace/mentatlab/services/frontend/node_modules/postcss/lib/lazy-result.js:293:11)
    at async runPostCSS (file:///Users/cblevins/workspace/mentatlab/services/frontend/node_modules/vite/dist/node/chunks/dep-Bg4HVnP5.js:32409:19)
    at async compilePostCSS (file:///Users/cblevins/workspace/mentatlab/services/frontend/node_modules/vite/dist/node/chunks/dep-Bg4HVnP5.js:32389:17)
    at async compileCSS (file:///Users/cblevins/workspace/mentatlab/services/frontend/node_modules/vite/dist/node/chunks/dep-Bg4HVnP5.js:32320:26)
    at async TransformPluginContext.handler (file:///Users/cblevins/workspace/mentatlab/services/frontend/node_modules/vite/dist/node/chunks/dep-Bg4HVnP5.js:31856:53)
    at async EnvironmentPluginContainer.transform (file:///Users/cblevins/workspace/mentatlab/services/frontend/node_modules/vite/dist/node/chunks/dep-Bg4HVnP5.js:31284:14)
    at async loadAndTransform (file:///Users/cblevins/workspace/mentatlab/services/frontend/node_modules/vite/dist/node/chunks/dep-Bg4HVnP5.js:26454:26)
    at async viteTransformMiddleware (file:///Users/cblevins/workspace/mentatlab/services/frontend/node_modules/vite/dist/node/chunks/dep-Bg4HVnP5.js:27539:20)
6:06:56 PM [vite] (client) hmr update /src/index.css, /src/globals.css
Error: Cannot apply unknown utility class `border-border`. Are you using CSS modules or similar and missing `@reference`? https://tailwindcss.com/docs/functions-and-directives#reference-directive
    at onInvalidCandidate (/Users/cblevins/workspace/mentatlab/services/frontend/node_modules/tailwindcss/dist/lib.js:18:1312)
    at ge (/Users/cblevins/workspace/mentatlab/services/frontend/node_modules/tailwindcss/dist/lib.js:13:29803)
    at /Users/cblevins/workspace/mentatlab/services/frontend/node_modules/tailwindcss/dist/lib.js:18:373
    at I (/Users/cblevins/workspace/mentatlab/services/frontend/node_modules/tailwindcss/dist/lib.js:3:1656)
    at je (/Users/cblevins/workspace/mentatlab/services/frontend/node_modules/tailwindcss/dist/lib.js:18:172)
    at bi (/Users/cblevins/workspace/mentatlab/services/frontend/node_modules/tailwindcss/dist/lib.js:35:780)
    at async yi (/Users/cblevins/workspace/mentatlab/services/frontend/node_modules/tailwindcss/dist/lib.js:35:1123)
    at async _r (/Users/cblevins/workspace/mentatlab/services/frontend/node_modules/@tailwindcss/node/dist/index.js:10:3384)
    at async p (/Users/cblevins/workspace/mentatlab/services/frontend/node_modules/@tailwindcss/postcss/dist/index.js:10:4019)
    at async Object.Once (/Users/cblevins/workspace/mentatlab/services/frontend/node_modules/@tailwindcss/postcss/dist/index.js:10:4290)
    at async LazyResult.runAsync (/Users/cblevins/workspace/mentatlab/services/frontend/node_modules/postcss/lib/lazy-result.js:293:11)
    at async runPostCSS (file:///Users/cblevins/workspace/mentatlab/services/frontend/node_modules/vite/dist/node/chunks/dep-Bg4HVnP5.js:32409:19)
    at async compilePostCSS (file:///Users/cblevins/workspace/mentatlab/services/frontend/node_modules/vite/dist/node/chunks/dep-Bg4HVnP5.js:32389:17)
    at async compileCSS (file:///Users/cblevins/workspace/mentatlab/services/frontend/node_modules/vite/dist/node/chunks/dep-Bg4HVnP5.js:32320:26)
    at async TransformPluginContext.handler (file:///Users/cblevins/workspace/mentatlab/services/frontend/node_modules/vite/dist/node/chunks/dep-Bg4HVnP5.js:31856:53)
    at async EnvironmentPluginContainer.transform (file:///Users/cblevins/workspace/mentatlab/services/frontend/node_modules/vite/dist/node/chunks/dep-Bg4HVnP5.js:31284:14)
    at async loadAndTransform (file:///Users/cblevins/workspace/mentatlab/services/frontend/node_modules/vite/dist/node/chunks/dep-Bg4HVnP5.js:26454:26)
    at async viteTransformMiddleware (file:///Users/cblevins/workspace/mentatlab/services/frontend/node_modules/vite/dist/node/chunks/dep-Bg4HVnP5.js:27539:20)
6:07:27 PM [vite] (client) hmr update /src/index.css, /src/globals.css
Error: Cannot apply unknown utility class `border-border`. Are you using CSS modules or similar and missing `@reference`? https://tailwindcss.com/docs/functions-and-directives#reference-directive
    at onInvalidCandidate (/Users/cblevins/workspace/mentatlab/services/frontend/node_modules/tailwindcss/dist/lib.js:18:1312)
    at ge (/Users/cblevins/workspace/mentatlab/services/frontend/node_modules/tailwindcss/dist/lib.js:13:29803)
    at /Users/cblevins/workspace/mentatlab/services/frontend/node_modules/tailwindcss/dist/lib.js:18:373
    at I (/Users/cblevins/workspace/mentatlab/services/frontend/node_modules/tailwindcss/dist/lib.js:3:1656)
    at je (/Users/cblevins/workspace/mentatlab/services/frontend/node_modules/tailwindcss/dist/lib.js:18:172)
    at bi (/Users/cblevins/workspace/mentatlab/services/frontend/node_modules/tailwindcss/dist/lib.js:35:780)
    at async yi (/Users/cblevins/workspace/mentatlab/services/frontend/node_modules/tailwindcss/dist/lib.js:35:1123)
    at async _r (/Users/cblevins/workspace/mentatlab/services/frontend/node_modules/@tailwindcss/node/dist/index.js:10:3384)
    at async p (/Users/cblevins/workspace/mentatlab/services/frontend/node_modules/@tailwindcss/postcss/dist/index.js:10:4019)
    at async Object.Once (/Users/cblevins/workspace/mentatlab/services/frontend/node_modules/@tailwindcss/postcss/dist/index.js:10:4290)
    at async LazyResult.runAsync (/Users/cblevins/workspace/mentatlab/services/frontend/node_modules/postcss/lib/lazy-result.js:293:11)
    at async runPostCSS (file:///Users/cblevins/workspace/mentatlab/services/frontend/node_modules/vite/dist/node/chunks/dep-Bg4HVnP5.js:32409:19)
    at async compilePostCSS (file:///Users/cblevins/workspace/mentatlab/services/frontend/node_modules/vite/dist/node/chunks/dep-Bg4HVnP5.js:32389:17)
    at async compileCSS (file:///Users/cblevins/workspace/mentatlab/services/frontend/node_modules/vite/dist/node/chunks/dep-Bg4HVnP5.js:32320:26)
    at async TransformPluginContext.handler (file:///Users/cblevins/workspace/mentatlab/services/frontend/node_modules/vite/dist/node/chunks/dep-Bg4HVnP5.js:31856:53)
    at async EnvironmentPluginContainer.transform (file:///Users/cblevins/workspace/mentatlab/services/frontend/node_modules/vite/dist/node/chunks/dep-Bg4HVnP5.js:31284:14)
    at async loadAndTransform (file:///Users/cblevins/workspace/mentatlab/services/frontend/node_modules/vite/dist/node/chunks/dep-Bg4HVnP5.js:26454:26)
    at async viteTransformMiddleware (file:///Users/cblevins/workspace/mentatlab/services/frontend/node_modules/vite/dist/node/chunks/dep-Bg4HVnP5.js:27539:20)
6:39:10 PM [vite] (client) page reload src/main.tsx
6:39:10 PM [vite] (client) hmr update /src/App.tsx, /src/index.css
6:39:54 PM [vite] (client) hmr update /src/components/FlowCanvas.tsx, /src/index.css
6:40:05 PM [vite] (client) hmr update /src/index.css, /src/globals.css
Error: Cannot apply unknown utility class `border-border`. Are you using CSS modules or similar and missing `@reference`? https://tailwindcss.com/docs/functions-and-directives#reference-directive
    at onInvalidCandidate (/Users/cblevins/workspace/mentatlab/services/frontend/node_modules/tailwindcss/dist/lib.js:18:1312)
    at ge (/Users/cblevins/workspace/mentatlab/services/frontend/node_modules/tailwindcss/dist/lib.js:13:29803)
    at /Users/cblevins/workspace/mentatlab/services/frontend/node_modules/tailwindcss/dist/lib.js:18:373
    at I (/Users/cblevins/workspace/mentatlab/services/frontend/node_modules/tailwindcss/dist/lib.js:3:1656)
    at je (/Users/cblevins/workspace/mentatlab/services/frontend/node_modules/tailwindcss/dist/lib.js:18:172)
    at bi (/Users/cblevins/workspace/mentatlab/services/frontend/node_modules/tailwindcss/dist/lib.js:35:780)
    at async yi (/Users/cblevins/workspace/mentatlab/services/frontend/node_modules/tailwindcss/dist/lib.js:35:1123)
    at async _r (/Users/cblevins/workspace/mentatlab/services/frontend/node_modules/@tailwindcss/node/dist/index.js:10:3384)
    at async p (/Users/cblevins/workspace/mentatlab/services/frontend/node_modules/@tailwindcss/postcss/dist/index.js:10:4019)
    at async Object.Once (/Users/cblevins/workspace/mentatlab/services/frontend/node_modules/@tailwindcss/postcss/dist/index.js:10:4290)
    at async LazyResult.runAsync (/Users/cblevins/workspace/mentatlab/services/frontend/node_modules/postcss/lib/lazy-result.js:293:11)
    at async runPostCSS (file:///Users/cblevins/workspace/mentatlab/services/frontend/node_modules/vite/dist/node/chunks/dep-Bg4HVnP5.js:32409:19)
    at async compilePostCSS (file:///Users/cblevins/workspace/mentatlab/services/frontend/node_modules/vite/dist/node/chunks/dep-Bg4HVnP5.js:32389:17)
    at async compileCSS (file:///Users/cblevins/workspace/mentatlab/services/frontend/node_modules/vite/dist/node/chunks/dep-Bg4HVnP5.js:32320:26)
    at async TransformPluginContext.handler (file:///Users/cblevins/workspace/mentatlab/services/frontend/node_modules/vite/dist/node/chunks/dep-Bg4HVnP5.js:31856:53)
    at async EnvironmentPluginContainer.transform (file:///Users/cblevins/workspace/mentatlab/services/frontend/node_modules/vite/dist/node/chunks/dep-Bg4HVnP5.js:31284:14)
    at async loadAndTransform (file:///Users/cblevins/workspace/mentatlab/services/frontend/node_modules/vite/dist/node/chunks/dep-Bg4HVnP5.js:26454:26)
    at async viteTransformMiddleware (file:///Users/cblevins/workspace/mentatlab/services/frontend/node_modules/vite/dist/node/chunks/dep-Bg4HVnP5.js:27539:20)
6:40:36 PM [vite] (client) hmr update /src/components/FlowCanvas.tsx, /src/index.css
